[debug] [2024-07-20T14:58:48.258Z] ----------------------------------------------------------------------
[debug] [2024-07-20T14:58:48.260Z] Command:       /opt/homebrew/Cellar/node/21.7.3/bin/node /opt/homebrew/bin/firebase deploy --only functions
[debug] [2024-07-20T14:58:48.260Z] CLI Version:   13.13.3
[debug] [2024-07-20T14:58:48.260Z] Platform:      darwin
[debug] [2024-07-20T14:58:48.260Z] Node Version:  v21.7.3
[debug] [2024-07-20T14:58:48.260Z] Time:          Sat Jul 20 2024 16:58:48 GMT+0200 (Central European Summer Time)
[debug] [2024-07-20T14:58:48.260Z] ----------------------------------------------------------------------
[debug] 
[debug] [2024-07-20T14:58:48.298Z] > command requires scopes: ["email","openid","https://www.googleapis.com/auth/cloudplatformprojects.readonly","https://www.googleapis.com/auth/firebase","https://www.googleapis.com/auth/cloud-platform"]
[debug] [2024-07-20T14:58:48.298Z] > authorizing via signed-in user (jones.godel@gmail.com)
[debug] [2024-07-20T14:58:48.298Z] [iam] checking project swedenmidsommar for permissions ["cloudfunctions.functions.create","cloudfunctions.functions.delete","cloudfunctions.functions.get","cloudfunctions.functions.list","cloudfunctions.functions.update","cloudfunctions.operations.get","firebase.projects.get"]
[debug] [2024-07-20T14:58:48.299Z] > refreshing access token with scopes: []
[debug] [2024-07-20T14:58:48.299Z] >>> [apiv2][query] POST https://www.googleapis.com/oauth2/v3/token [none]
[debug] [2024-07-20T14:58:48.299Z] >>> [apiv2][body] POST https://www.googleapis.com/oauth2/v3/token [omitted]
[debug] [2024-07-20T14:58:48.410Z] <<< [apiv2][status] POST https://www.googleapis.com/oauth2/v3/token 200
[debug] [2024-07-20T14:58:48.410Z] <<< [apiv2][body] POST https://www.googleapis.com/oauth2/v3/token [omitted]
[debug] [2024-07-20T14:58:48.422Z] >>> [apiv2][query] POST https://cloudresourcemanager.googleapis.com/v1/projects/swedenmidsommar:testIamPermissions [none]
[debug] [2024-07-20T14:58:48.422Z] >>> [apiv2][(partial)header] POST https://cloudresourcemanager.googleapis.com/v1/projects/swedenmidsommar:testIamPermissions x-goog-quota-user=projects/swedenmidsommar
[debug] [2024-07-20T14:58:48.422Z] >>> [apiv2][body] POST https://cloudresourcemanager.googleapis.com/v1/projects/swedenmidsommar:testIamPermissions {"permissions":["cloudfunctions.functions.create","cloudfunctions.functions.delete","cloudfunctions.functions.get","cloudfunctions.functions.list","cloudfunctions.functions.update","cloudfunctions.operations.get","firebase.projects.get"]}
[debug] [2024-07-20T14:58:49.169Z] <<< [apiv2][status] POST https://cloudresourcemanager.googleapis.com/v1/projects/swedenmidsommar:testIamPermissions 200
[debug] [2024-07-20T14:58:49.169Z] <<< [apiv2][body] POST https://cloudresourcemanager.googleapis.com/v1/projects/swedenmidsommar:testIamPermissions {"permissions":["cloudfunctions.functions.create","cloudfunctions.functions.delete","cloudfunctions.functions.get","cloudfunctions.functions.list","cloudfunctions.functions.update","cloudfunctions.operations.get","firebase.projects.get"]}
[debug] [2024-07-20T14:58:49.169Z] >>> [apiv2][query] POST https://iam.googleapis.com/v1/projects/swedenmidsommar/serviceAccounts/swedenmidsommar@appspot.gserviceaccount.com:testIamPermissions [none]
[debug] [2024-07-20T14:58:49.169Z] >>> [apiv2][body] POST https://iam.googleapis.com/v1/projects/swedenmidsommar/serviceAccounts/swedenmidsommar@appspot.gserviceaccount.com:testIamPermissions {"permissions":["iam.serviceAccounts.actAs"]}
[debug] [2024-07-20T14:58:49.384Z] <<< [apiv2][status] POST https://iam.googleapis.com/v1/projects/swedenmidsommar/serviceAccounts/swedenmidsommar@appspot.gserviceaccount.com:testIamPermissions 200
[debug] [2024-07-20T14:58:49.385Z] <<< [apiv2][body] POST https://iam.googleapis.com/v1/projects/swedenmidsommar/serviceAccounts/swedenmidsommar@appspot.gserviceaccount.com:testIamPermissions {"permissions":["iam.serviceAccounts.actAs"]}
[info] 
[info] === Deploying to 'swedenmidsommar'...
[info] 
[info] i  deploying functions 
[info] Running command: npm --prefix "$RESOURCE_DIR" run lint
[info] Running command: npm --prefix "$RESOURCE_DIR" run build
